------------------------------------------------------------
/usr/bin/pip run on Thu Jul 28 00:02:55 2016
Downloading/unpacking Pattern
  Getting page https://pypi.python.org/simple/Pattern/
  URLs to search for versions for Pattern:
  * https://pypi.python.org/simple/Pattern/
  Analyzing links from page https://pypi.python.org/simple/pattern/
    Found link https://pypi.python.org/packages/bf/50/d09941d53416f2a86676bd0dc341d5968b599a763b73f5d13f51c57b5641/pattern-2.6.zip#md5=3327561b792720cd3744741c1c1b1939 (from https://pypi.python.org/simple/pattern/), version: 2.6
  Downloading from URL https://pypi.python.org/packages/bf/50/d09941d53416f2a86676bd0dc341d5968b599a763b73f5d13f51c57b5641/pattern-2.6.zip#md5=3327561b792720cd3744741c1c1b1939 (from https://pypi.python.org/simple/pattern/)
  Running setup.py (path:/tmp/pip-build-9iBdx1/Pattern/setup.py) egg_info for package Pattern
    running egg_info
    creating pip-egg-info/Pattern.egg-info
    writing pip-egg-info/Pattern.egg-info/PKG-INFO
    writing top-level names to pip-egg-info/Pattern.egg-info/top_level.txt
    writing dependency_links to pip-egg-info/Pattern.egg-info/dependency_links.txt
    writing manifest file 'pip-egg-info/Pattern.egg-info/SOURCES.txt'
    warning: manifest_maker: standard file '-c' not found
    
    reading manifest file 'pip-egg-info/Pattern.egg-info/SOURCES.txt'
    writing manifest file 'pip-egg-info/Pattern.egg-info/SOURCES.txt'
  Source in /tmp/pip-build-9iBdx1/Pattern has version 2.6, which satisfies requirement Pattern
Installing collected packages: Pattern
  Running setup.py install for Pattern
    Running command /usr/bin/python -c "import setuptools, tokenize;__file__='/tmp/pip-build-9iBdx1/Pattern/setup.py';exec(compile(getattr(tokenize, 'open', open)(__file__).read().replace('\r\n', '\n'), __file__, 'exec'))" install --record /tmp/pip-XuXeY9-record/install-record.txt --single-version-externally-managed --compile
    running install
    running build
    running build_py
    creating build
    creating build/lib.linux-armv7l-2.7
    creating build/lib.linux-armv7l-2.7/pattern
    copying pattern/__init__.py -> build/lib.linux-armv7l-2.7/pattern
    copying pattern/metrics.py -> build/lib.linux-armv7l-2.7/pattern
    creating build/lib.linux-armv7l-2.7/pattern/text
    copying pattern/text/__init__.py -> build/lib.linux-armv7l-2.7/pattern/text
    copying pattern/text/search.py -> build/lib.linux-armv7l-2.7/pattern/text
    copying pattern/text/tree.py -> build/lib.linux-armv7l-2.7/pattern/text
    creating build/lib.linux-armv7l-2.7/pattern/web
    copying pattern/web/__init__.py -> build/lib.linux-armv7l-2.7/pattern/web
    copying pattern/web/api.py -> build/lib.linux-armv7l-2.7/pattern/web
    creating build/lib.linux-armv7l-2.7/pattern/web/cache
    copying pattern/web/cache/__init__.py -> build/lib.linux-armv7l-2.7/pattern/web/cache
    creating build/lib.linux-armv7l-2.7/pattern/web/docx
    copying pattern/web/docx/__init__.py -> build/lib.linux-armv7l-2.7/pattern/web/docx
    copying pattern/web/docx/docx.py -> build/lib.linux-armv7l-2.7/pattern/web/docx
    creating build/lib.linux-armv7l-2.7/pattern/web/feed
    copying pattern/web/feed/__init__.py -> build/lib.linux-armv7l-2.7/pattern/web/feed
    copying pattern/web/feed/feedparser.py -> build/lib.linux-armv7l-2.7/pattern/web/feed
    copying pattern/web/feed/setup.py -> build/lib.linux-armv7l-2.7/pattern/web/feed
    creating build/lib.linux-armv7l-2.7/pattern/web/imap
    copying pattern/web/imap/__init__.py -> build/lib.linux-armv7l-2.7/pattern/web/imap
    creating build/lib.linux-armv7l-2.7/pattern/web/json
    copying pattern/web/json/__init__.py -> build/lib.linux-armv7l-2.7/pattern/web/json
    copying pattern/web/json/scanner.py -> build/lib.linux-armv7l-2.7/pattern/web/json
    copying pattern/web/json/ordered_dict.py -> build/lib.linux-armv7l-2.7/pattern/web/json
    copying pattern/web/json/encoder.py -> build/lib.linux-armv7l-2.7/pattern/web/json
    copying pattern/web/json/tool.py -> build/lib.linux-armv7l-2.7/pattern/web/json
    copying pattern/web/json/decoder.py -> build/lib.linux-armv7l-2.7/pattern/web/json
    creating build/lib.linux-armv7l-2.7/pattern/web/locale
    copying pattern/web/locale/__init__.py -> build/lib.linux-armv7l-2.7/pattern/web/locale
    creating build/lib.linux-armv7l-2.7/pattern/web/oauth
    copying pattern/web/oauth/__init__.py -> build/lib.linux-armv7l-2.7/pattern/web/oauth
    creating build/lib.linux-armv7l-2.7/pattern/web/pdf
    copying pattern/web/pdf/glyphlist.py -> build/lib.linux-armv7l-2.7/pattern/web/pdf
    copying pattern/web/pdf/layout.py -> build/lib.linux-armv7l-2.7/pattern/web/pdf
    copying pattern/web/pdf/__init__.py -> build/lib.linux-armv7l-2.7/pattern/web/pdf
    copying pattern/web/pdf/latin_enc.py -> build/lib.linux-armv7l-2.7/pattern/web/pdf
    copying pattern/web/pdf/encodingdb.py -> build/lib.linux-armv7l-2.7/pattern/web/pdf
    copying pattern/web/pdf/pdfcolor.py -> build/lib.linux-armv7l-2.7/pattern/web/pdf
    copying pattern/web/pdf/ascii85.py -> build/lib.linux-armv7l-2.7/pattern/web/pdf
    copying pattern/web/pdf/lzw.py -> build/lib.linux-armv7l-2.7/pattern/web/pdf
    copying pattern/web/pdf/fontmetrics.py -> build/lib.linux-armv7l-2.7/pattern/web/pdf
    copying pattern/web/pdf/psparser.py -> build/lib.linux-armv7l-2.7/pattern/web/pdf
    copying pattern/web/pdf/pdfparser.py -> build/lib.linux-armv7l-2.7/pattern/web/pdf
    copying pattern/web/pdf/utils.py -> build/lib.linux-armv7l-2.7/pattern/web/pdf
    copying pattern/web/pdf/pdfinterp.py -> build/lib.linux-armv7l-2.7/pattern/web/pdf
    copying pattern/web/pdf/cmapdb.py -> build/lib.linux-armv7l-2.7/pattern/web/pdf
    copying pattern/web/pdf/pdftypes.py -> build/lib.linux-armv7l-2.7/pattern/web/pdf
    copying pattern/web/pdf/pdfdevice.py -> build/lib.linux-armv7l-2.7/pattern/web/pdf
    copying pattern/web/pdf/arcfour.py -> build/lib.linux-armv7l-2.7/pattern/web/pdf
    copying pattern/web/pdf/pdffont.py -> build/lib.linux-armv7l-2.7/pattern/web/pdf
    copying pattern/web/pdf/converter.py -> build/lib.linux-armv7l-2.7/pattern/web/pdf
    copying pattern/web/pdf/runlength.py -> build/lib.linux-armv7l-2.7/pattern/web/pdf
    creating build/lib.linux-armv7l-2.7/pattern/web/soup
    copying pattern/web/soup/__init__.py -> build/lib.linux-armv7l-2.7/pattern/web/soup
    copying pattern/web/soup/setup.py -> build/lib.linux-armv7l-2.7/pattern/web/soup
    copying pattern/web/soup/BeautifulSoupTests.py -> build/lib.linux-armv7l-2.7/pattern/web/soup
    copying pattern/web/soup/BeautifulSoup.py -> build/lib.linux-armv7l-2.7/pattern/web/soup
    creating build/lib.linux-armv7l-2.7/pattern/db
    copying pattern/db/__init__.py -> build/lib.linux-armv7l-2.7/pattern/db
    creating build/lib.linux-armv7l-2.7/pattern/text/de
    copying pattern/text/de/__init__.py -> build/lib.linux-armv7l-2.7/pattern/text/de
    copying pattern/text/de/inflect.py -> build/lib.linux-armv7l-2.7/pattern/text/de
    copying pattern/text/de/__main__.py -> build/lib.linux-armv7l-2.7/pattern/text/de
    creating build/lib.linux-armv7l-2.7/pattern/text/en
    copying pattern/text/en/modality.py -> build/lib.linux-armv7l-2.7/pattern/text/en
    copying pattern/text/en/__init__.py -> build/lib.linux-armv7l-2.7/pattern/text/en
    copying pattern/text/en/inflect_quantify.py -> build/lib.linux-armv7l-2.7/pattern/text/en
    copying pattern/text/en/inflect.py -> build/lib.linux-armv7l-2.7/pattern/text/en
    copying pattern/text/en/__main__.py -> build/lib.linux-armv7l-2.7/pattern/text/en
    creating build/lib.linux-armv7l-2.7/pattern/text/en/wordlist
    copying pattern/text/en/wordlist/__init__.py -> build/lib.linux-armv7l-2.7/pattern/text/en/wordlist
    creating build/lib.linux-armv7l-2.7/pattern/text/en/wordnet
    copying pattern/text/en/wordnet/__init__.py -> build/lib.linux-armv7l-2.7/pattern/text/en/wordnet
    creating build/lib.linux-armv7l-2.7/pattern/text/en/wordnet/pywordnet
    copying pattern/text/en/wordnet/pywordnet/__init__.py -> build/lib.linux-armv7l-2.7/pattern/text/en/wordnet/pywordnet
    copying pattern/text/en/wordnet/pywordnet/wordnet.py -> build/lib.linux-armv7l-2.7/pattern/text/en/wordnet/pywordnet
    copying pattern/text/en/wordnet/pywordnet/wntools.py -> build/lib.linux-armv7l-2.7/pattern/text/en/wordnet/pywordnet
    copying pattern/text/en/wordnet/pywordnet/concordance.py -> build/lib.linux-armv7l-2.7/pattern/text/en/wordnet/pywordnet
    copying pattern/text/en/wordnet/pywordnet/setup.py -> build/lib.linux-armv7l-2.7/pattern/text/en/wordnet/pywordnet
    creating build/lib.linux-armv7l-2.7/pattern/text/es
    copying pattern/text/es/__init__.py -> build/lib.linux-armv7l-2.7/pattern/text/es
    copying pattern/text/es/inflect.py -> build/lib.linux-armv7l-2.7/pattern/text/es
    copying pattern/text/es/__main__.py -> build/lib.linux-armv7l-2.7/pattern/text/es
    creating build/lib.linux-armv7l-2.7/pattern/text/fr
    copying pattern/text/fr/__init__.py -> build/lib.linux-armv7l-2.7/pattern/text/fr
    copying pattern/text/fr/inflect.py -> build/lib.linux-armv7l-2.7/pattern/text/fr
    copying pattern/text/fr/__main__.py -> build/lib.linux-armv7l-2.7/pattern/text/fr
    creating build/lib.linux-armv7l-2.7/pattern/text/it
    copying pattern/text/it/__init__.py -> build/lib.linux-armv7l-2.7/pattern/text/it
    copying pattern/text/it/inflect.py -> build/lib.linux-armv7l-2.7/pattern/text/it
    copying pattern/text/it/__main__.py -> build/lib.linux-armv7l-2.7/pattern/text/it
    creating build/lib.linux-armv7l-2.7/pattern/text/nl
    copying pattern/text/nl/__init__.py -> build/lib.linux-armv7l-2.7/pattern/text/nl
    copying pattern/text/nl/inflect.py -> build/lib.linux-armv7l-2.7/pattern/text/nl
    copying pattern/text/nl/__main__.py -> build/lib.linux-armv7l-2.7/pattern/text/nl
    creating build/lib.linux-armv7l-2.7/pattern/vector
    copying pattern/vector/__init__.py -> build/lib.linux-armv7l-2.7/pattern/vector
    copying pattern/vector/stemmer.py -> build/lib.linux-armv7l-2.7/pattern/vector
    creating build/lib.linux-armv7l-2.7/pattern/vector/svm
    copying pattern/vector/svm/liblinear.py -> build/lib.linux-armv7l-2.7/pattern/vector/svm
    copying pattern/vector/svm/__init__.py -> build/lib.linux-armv7l-2.7/pattern/vector/svm
    copying pattern/vector/svm/libsvmutil.py -> build/lib.linux-armv7l-2.7/pattern/vector/svm
    copying pattern/vector/svm/libsvm.py -> build/lib.linux-armv7l-2.7/pattern/vector/svm
    copying pattern/vector/svm/liblinearutil.py -> build/lib.linux-armv7l-2.7/pattern/vector/svm
    creating build/lib.linux-armv7l-2.7/pattern/graph
    copying pattern/graph/__init__.py -> build/lib.linux-armv7l-2.7/pattern/graph
    copying pattern/graph/commonsense.py -> build/lib.linux-armv7l-2.7/pattern/graph
    creating build/lib.linux-armv7l-2.7/pattern/server
    copying pattern/server/__init__.py -> build/lib.linux-armv7l-2.7/pattern/server
    copying pattern/canvas.js -> build/lib.linux-armv7l-2.7/pattern
    copying pattern/web/docx/README.rst -> build/lib.linux-armv7l-2.7/pattern/web/docx
    copying pattern/web/docx/LICENSE -> build/lib.linux-armv7l-2.7/pattern/web/docx
    copying pattern/web/feed/LICENSE -> build/lib.linux-armv7l-2.7/pattern/web/feed
    copying pattern/web/feed/README -> build/lib.linux-armv7l-2.7/pattern/web/feed
    copying pattern/web/json/_speedups.c -> build/lib.linux-armv7l-2.7/pattern/web/json
    copying pattern/web/pdf/README.txt -> build/lib.linux-armv7l-2.7/pattern/web/pdf
    creating build/lib.linux-armv7l-2.7/pattern/web/pdf/cmap
    copying pattern/web/pdf/cmap/__init__.py -> build/lib.linux-armv7l-2.7/pattern/web/pdf/cmap
    copying pattern/web/pdf/cmap/Makefile -> build/lib.linux-armv7l-2.7/pattern/web/pdf/cmap
    copying pattern/web/soup/PKG-INFO -> build/lib.linux-armv7l-2.7/pattern/web/soup
    copying pattern/text/de/de-verbs.txt -> build/lib.linux-armv7l-2.7/pattern/text/de
    copying pattern/text/de/de-context.txt -> build/lib.linux-armv7l-2.7/pattern/text/de
    copying pattern/text/de/de-morphology.txt -> build/lib.linux-armv7l-2.7/pattern/text/de
    copying pattern/text/de/de-lexicon.txt -> build/lib.linux-armv7l-2.7/pattern/text/de
    copying pattern/text/en/en-spelling.txt -> build/lib.linux-armv7l-2.7/pattern/text/en
    copying pattern/text/en/en-lexicon.txt -> build/lib.linux-armv7l-2.7/pattern/text/en
    copying pattern/text/en/en-verbs.txt -> build/lib.linux-armv7l-2.7/pattern/text/en
    copying pattern/text/en/en-context.txt -> build/lib.linux-armv7l-2.7/pattern/text/en
    copying pattern/text/en/en-morphology.txt -> build/lib.linux-armv7l-2.7/pattern/text/en
    copying pattern/text/en/en-entities.txt -> build/lib.linux-armv7l-2.7/pattern/text/en
    copying pattern/text/en/en-sentiment.xml -> build/lib.linux-armv7l-2.7/pattern/text/en
    copying pattern/text/en/en-model.slp -> build/lib.linux-armv7l-2.7/pattern/text/en
    copying pattern/text/en/wordlist/profanity.txt -> build/lib.linux-armv7l-2.7/pattern/text/en/wordlist
    copying pattern/text/en/wordlist/academic.txt -> build/lib.linux-armv7l-2.7/pattern/text/en/wordlist
    copying pattern/text/en/wordlist/stopwords.txt -> build/lib.linux-armv7l-2.7/pattern/text/en/wordlist
    copying pattern/text/en/wordlist/basic.txt -> build/lib.linux-armv7l-2.7/pattern/text/en/wordlist
    copying pattern/text/en/wordlist/time.txt -> build/lib.linux-armv7l-2.7/pattern/text/en/wordlist
    copying pattern/text/en/wordnet/resnik-ic3.txt -> build/lib.linux-armv7l-2.7/pattern/text/en/wordnet
    copying pattern/text/en/wordnet/resnik-ic2.txt -> build/lib.linux-armv7l-2.7/pattern/text/en/wordnet
    creating build/lib.linux-armv7l-2.7/pattern/text/en/wordnet/dict
    copying pattern/text/en/wordnet/dict/index.noun -> build/lib.linux-armv7l-2.7/pattern/text/en/wordnet/dict
    copying pattern/text/en/wordnet/dict/index.adj -> build/lib.linux-armv7l-2.7/pattern/text/en/wordnet/dict
    copying pattern/text/en/wordnet/dict/index.verb -> build/lib.linux-armv7l-2.7/pattern/text/en/wordnet/dict
    copying pattern/text/en/wordnet/dict/index.sense -> build/lib.linux-armv7l-2.7/pattern/text/en/wordnet/dict
    copying pattern/text/en/wordnet/dict/index.adv -> build/lib.linux-armv7l-2.7/pattern/text/en/wordnet/dict
    copying pattern/text/en/wordnet/dict/LICENSE.txt -> build/lib.linux-armv7l-2.7/pattern/text/en/wordnet/dict
    copying pattern/text/en/wordnet/dict/data.noun2 -> build/lib.linux-armv7l-2.7/pattern/text/en/wordnet/dict
    copying pattern/text/en/wordnet/dict/data.verb -> build/lib.linux-armv7l-2.7/pattern/text/en/wordnet/dict
    copying pattern/text/en/wordnet/dict/index.32 -> build/lib.linux-armv7l-2.7/pattern/text/en/wordnet/dict
    copying pattern/text/en/wordnet/dict/data.adv -> build/lib.linux-armv7l-2.7/pattern/text/en/wordnet/dict
    copying pattern/text/en/wordnet/dict/data.noun1 -> build/lib.linux-armv7l-2.7/pattern/text/en/wordnet/dict
    copying pattern/text/en/wordnet/dict/lexnames -> build/lib.linux-armv7l-2.7/pattern/text/en/wordnet/dict
    copying pattern/text/en/wordnet/dict/data.adj -> build/lib.linux-armv7l-2.7/pattern/text/en/wordnet/dict
    copying pattern/text/en/wordnet/pywordnet/LICENSE.txt -> build/lib.linux-armv7l-2.7/pattern/text/en/wordnet/pywordnet
    copying pattern/text/en/wordnet/pywordnet/README.txt -> build/lib.linux-armv7l-2.7/pattern/text/en/wordnet/pywordnet
    copying pattern/text/en/wordnet/pywordnet/PKG-INFO -> build/lib.linux-armv7l-2.7/pattern/text/en/wordnet/pywordnet
    copying pattern/text/es/es-verbs.txt -> build/lib.linux-armv7l-2.7/pattern/text/es
    copying pattern/text/es/es-lexicon.txt -> build/lib.linux-armv7l-2.7/pattern/text/es
    copying pattern/text/es/es-context.txt -> build/lib.linux-armv7l-2.7/pattern/text/es
    copying pattern/text/es/es-morphology.txt -> build/lib.linux-armv7l-2.7/pattern/text/es
    copying pattern/text/fr/fr-context.txt -> build/lib.linux-armv7l-2.7/pattern/text/fr
    copying pattern/text/fr/fr-morphology.txt -> build/lib.linux-armv7l-2.7/pattern/text/fr
    copying pattern/text/fr/fr-lexicon.txt -> build/lib.linux-armv7l-2.7/pattern/text/fr
    copying pattern/text/fr/fr-verbs.txt -> build/lib.linux-armv7l-2.7/pattern/text/fr
    copying pattern/text/fr/fr-sentiment.xml -> build/lib.linux-armv7l-2.7/pattern/text/fr
    copying pattern/text/it/it-morphology.txt -> build/lib.linux-armv7l-2.7/pattern/text/it
    copying pattern/text/it/it-verbs.txt -> build/lib.linux-armv7l-2.7/pattern/text/it
    copying pattern/text/it/it-lexicon.txt -> build/lib.linux-armv7l-2.7/pattern/text/it
    copying pattern/text/it/it-context.txt -> build/lib.linux-armv7l-2.7/pattern/text/it
    copying pattern/text/nl/nl-verbs.txt -> build/lib.linux-armv7l-2.7/pattern/text/nl
    copying pattern/text/nl/nl-context.txt -> build/lib.linux-armv7l-2.7/pattern/text/nl
    copying pattern/text/nl/nl-morphology.txt -> build/lib.linux-armv7l-2.7/pattern/text/nl
    copying pattern/text/nl/nl-lexicon.txt -> build/lib.linux-armv7l-2.7/pattern/text/nl
    copying pattern/text/nl/nl-sentiment.xml -> build/lib.linux-armv7l-2.7/pattern/text/nl
    copying pattern/vector/stopwords-de.txt -> build/lib.linux-armv7l-2.7/pattern/vector
    copying pattern/vector/stopwords-en.txt -> build/lib.linux-armv7l-2.7/pattern/vector
    copying pattern/vector/stopwords-es.txt -> build/lib.linux-armv7l-2.7/pattern/vector
    copying pattern/vector/stopwords-nl.txt -> build/lib.linux-armv7l-2.7/pattern/vector
    copying pattern/vector/stopwords-fr.txt -> build/lib.linux-armv7l-2.7/pattern/vector
    copying pattern/vector/svm/INSTALL.txt -> build/lib.linux-armv7l-2.7/pattern/vector/svm
    copying pattern/vector/svm/README.txt -> build/lib.linux-armv7l-2.7/pattern/vector/svm
    creating build/lib.linux-armv7l-2.7/pattern/vector/svm/libsvm-3.11
    copying pattern/vector/svm/libsvm-3.11/libsvm-win32.dll -> build/lib.linux-armv7l-2.7/pattern/vector/svm/libsvm-3.11
    copying pattern/vector/svm/libsvm-3.11/libsvm-ubuntu64.so -> build/lib.linux-armv7l-2.7/pattern/vector/svm/libsvm-3.11
    copying pattern/vector/svm/libsvm-3.11/libsvm-mac32.so -> build/lib.linux-armv7l-2.7/pattern/vector/svm/libsvm-3.11
    copying pattern/vector/svm/libsvm-3.11/libsvm-mac64.so -> build/lib.linux-armv7l-2.7/pattern/vector/svm/libsvm-3.11
    copying pattern/vector/svm/libsvm-3.11/COPYRIGHT -> build/lib.linux-armv7l-2.7/pattern/vector/svm/libsvm-3.11
    creating build/lib.linux-armv7l-2.7/pattern/vector/svm/libsvm-3.17
    copying pattern/vector/svm/libsvm-3.17/libsvm-win32.dll -> build/lib.linux-armv7l-2.7/pattern/vector/svm/libsvm-3.17
    copying pattern/vector/svm/libsvm-3.17/libsvm-ubuntu64.so -> build/lib.linux-armv7l-2.7/pattern/vector/svm/libsvm-3.17
    copying pattern/vector/svm/libsvm-3.17/libsvm-mac32.so -> build/lib.linux-armv7l-2.7/pattern/vector/svm/libsvm-3.17
    copying pattern/vector/svm/libsvm-3.17/libsvm-mac64.so -> build/lib.linux-armv7l-2.7/pattern/vector/svm/libsvm-3.17
    copying pattern/vector/svm/libsvm-3.17/COPYRIGHT -> build/lib.linux-armv7l-2.7/pattern/vector/svm/libsvm-3.17
    copying pattern/vector/svm/libsvm-3.17/libsvm-win64.dll -> build/lib.linux-armv7l-2.7/pattern/vector/svm/libsvm-3.17
    creating build/lib.linux-armv7l-2.7/pattern/vector/svm/liblinear-1.93
    copying pattern/vector/svm/liblinear-1.93/liblinear-mac32.so -> build/lib.linux-armv7l-2.7/pattern/vector/svm/liblinear-1.93
    copying pattern/vector/svm/liblinear-1.93/liblinear-win32.dll -> build/lib.linux-armv7l-2.7/pattern/vector/svm/liblinear-1.93
    copying pattern/vector/svm/liblinear-1.93/liblinear-ubuntu64.so -> build/lib.linux-armv7l-2.7/pattern/vector/svm/liblinear-1.93
    copying pattern/vector/svm/liblinear-1.93/liblinear-win64.dll -> build/lib.linux-armv7l-2.7/pattern/vector/svm/liblinear-1.93
    copying pattern/vector/svm/liblinear-1.93/COPYRIGHT -> build/lib.linux-armv7l-2.7/pattern/vector/svm/liblinear-1.93
    copying pattern/vector/svm/liblinear-1.93/liblinear-mac64.so -> build/lib.linux-armv7l-2.7/pattern/vector/svm/liblinear-1.93
    copying pattern/graph/graph.js -> build/lib.linux-armv7l-2.7/pattern/graph
    copying pattern/graph/commonsense.csv -> build/lib.linux-armv7l-2.7/pattern/graph
    creating build/lib.linux-armv7l-2.7/pattern/server/static
    copying pattern/server/static/robots.txt -> build/lib.linux-armv7l-2.7/pattern/server/static
    creating build/lib.linux-armv7l-2.7/pattern/server/cherrypy
    creating build/lib.linux-armv7l-2.7/pattern/server/cherrypy/cherrypy
    copying pattern/server/cherrypy/cherrypy/favicon.ico -> build/lib.linux-armv7l-2.7/pattern/server/cherrypy/cherrypy
    copying pattern/server/cherrypy/cherrypy/_cpserver.py -> build/lib.linux-armv7l-2.7/pattern/server/cherrypy/cherrypy
    copying pattern/server/cherrypy/cherrypy/__init__.py -> build/lib.linux-armv7l-2.7/pattern/server/cherrypy/cherrypy
    copying pattern/server/cherrypy/cherrypy/_cpconfig.py -> build/lib.linux-armv7l-2.7/pattern/server/cherrypy/cherrypy
    copying pattern/server/cherrypy/cherrypy/_cplogging.py -> build/lib.linux-armv7l-2.7/pattern/server/cherrypy/cherrypy
    copying pattern/server/cherrypy/cherrypy/_cpchecker.py -> build/lib.linux-armv7l-2.7/pattern/server/cherrypy/cherrypy
    copying pattern/server/cherrypy/cherrypy/_cpreqbody.py -> build/lib.linux-armv7l-2.7/pattern/server/cherrypy/cherrypy
    copying pattern/server/cherrypy/cherrypy/_cptree.py -> build/lib.linux-armv7l-2.7/pattern/server/cherrypy/cherrypy
    copying pattern/server/cherrypy/cherrypy/_cpmodpy.py -> build/lib.linux-armv7l-2.7/pattern/server/cherrypy/cherrypy
    copying pattern/server/cherrypy/cherrypy/_cpwsgi.py -> build/lib.linux-armv7l-2.7/pattern/server/cherrypy/cherrypy
    copying pattern/server/cherrypy/cherrypy/_cpnative_server.py -> build/lib.linux-armv7l-2.7/pattern/server/cherrypy/cherrypy
    copying pattern/server/cherrypy/cherrypy/LICENSE.txt -> build/lib.linux-armv7l-2.7/pattern/server/cherrypy/cherrypy
    copying pattern/server/cherrypy/cherrypy/_cperror.py -> build/lib.linux-armv7l-2.7/pattern/server/cherrypy/cherrypy
    copying pattern/server/cherrypy/cherrypy/_cpcompat_subprocess.py -> build/lib.linux-armv7l-2.7/pattern/server/cherrypy/cherrypy
    copying pattern/server/cherrypy/cherrypy/_cpwsgi_server.py -> build/lib.linux-armv7l-2.7/pattern/server/cherrypy/cherrypy
    copying pattern/server/cherrypy/cherrypy/_cpcompat.py -> build/lib.linux-armv7l-2.7/pattern/server/cherrypy/cherrypy
    copying pattern/server/cherrypy/cherrypy/_cprequest.py -> build/lib.linux-armv7l-2.7/pattern/server/cherrypy/cherrypy
    copying pattern/server/cherrypy/cherrypy/_cpdispatch.py -> build/lib.linux-armv7l-2.7/pattern/server/cherrypy/cherrypy
    copying pattern/server/cherrypy/cherrypy/_cpthreadinglocal.py -> build/lib.linux-armv7l-2.7/pattern/server/cherrypy/cherrypy
    copying pattern/server/cherrypy/cherrypy/_cptools.py -> build/lib.linux-armv7l-2.7/pattern/server/cherrypy/cherrypy
    creating build/lib.linux-armv7l-2.7/pattern/server/cherrypy/cherrypy/lib
    copying pattern/server/cherrypy/cherrypy/lib/jsontools.py -> build/lib.linux-armv7l-2.7/pattern/server/cherrypy/cherrypy/lib
    copying pattern/server/cherrypy/cherrypy/lib/covercp.py -> build/lib.linux-armv7l-2.7/pattern/server/cherrypy/cherrypy/lib
    copying pattern/server/cherrypy/cherrypy/lib/caching.py -> build/lib.linux-armv7l-2.7/pattern/server/cherrypy/cherrypy/lib
    copying pattern/server/cherrypy/cherrypy/lib/xmlrpcutil.py -> build/lib.linux-armv7l-2.7/pattern/server/cherrypy/cherrypy/lib
    copying pattern/server/cherrypy/cherrypy/lib/http.py -> build/lib.linux-armv7l-2.7/pattern/server/cherrypy/cherrypy/lib
    copying pattern/server/cherrypy/cherrypy/lib/__init__.py -> build/lib.linux-armv7l-2.7/pattern/server/cherrypy/cherrypy/lib
    copying pattern/server/cherrypy/cherrypy/lib/reprconf.py -> build/lib.linux-armv7l-2.7/pattern/server/cherrypy/cherrypy/lib
    copying pattern/server/cherrypy/cherrypy/lib/httpauth.py -> build/lib.linux-armv7l-2.7/pattern/server/cherrypy/cherrypy/lib
    copying pattern/server/cherrypy/cherrypy/lib/encoding.py -> build/lib.linux-armv7l-2.7/pattern/server/cherrypy/cherrypy/lib
    copying pattern/server/cherrypy/cherrypy/lib/static.py -> build/lib.linux-armv7l-2.7/pattern/server/cherrypy/cherrypy/lib
    copying pattern/server/cherrypy/cherrypy/lib/gctools.py -> build/lib.linux-armv7l-2.7/pattern/server/cherrypy/cherrypy/lib
    copying pattern/server/cherrypy/cherrypy/lib/cptools.py -> build/lib.linux-armv7l-2.7/pattern/server/cherrypy/cherrypy/lib
    copying pattern/server/cherrypy/cherrypy/lib/sessions.py -> build/lib.linux-armv7l-2.7/pattern/server/cherrypy/cherrypy/lib
    copying pattern/server/cherrypy/cherrypy/lib/auth.py -> build/lib.linux-armv7l-2.7/pattern/server/cherrypy/cherrypy/lib
    copying pattern/server/cherrypy/cherrypy/lib/auth_basic.py -> build/lib.linux-armv7l-2.7/pattern/server/cherrypy/cherrypy/lib
    copying pattern/server/cherrypy/cherrypy/lib/httputil.py -> build/lib.linux-armv7l-2.7/pattern/server/cherrypy/cherrypy/lib
    copying pattern/server/cherrypy/cherrypy/lib/auth_digest.py -> build/lib.linux-armv7l-2.7/pattern/server/cherrypy/cherrypy/lib
    copying pattern/server/cherrypy/cherrypy/lib/profiler.py -> build/lib.linux-armv7l-2.7/pattern/server/cherrypy/cherrypy/lib
    copying pattern/server/cherrypy/cherrypy/lib/cpstats.py -> build/lib.linux-armv7l-2.7/pattern/server/cherrypy/cherrypy/lib
    creating build/lib.linux-armv7l-2.7/pattern/server/cherrypy/cherrypy/process
    copying pattern/server/cherrypy/cherrypy/process/wspbus.py -> build/lib.linux-armv7l-2.7/pattern/server/cherrypy/cherrypy/process
    copying pattern/server/cherrypy/cherrypy/process/plugins.py -> build/lib.linux-armv7l-2.7/pattern/server/cherrypy/cherrypy/process
    copying pattern/server/cherrypy/cherrypy/process/__init__.py -> build/lib.linux-armv7l-2.7/pattern/server/cherrypy/cherrypy/process
    copying pattern/server/cherrypy/cherrypy/process/servers.py -> build/lib.linux-armv7l-2.7/pattern/server/cherrypy/cherrypy/process
    copying pattern/server/cherrypy/cherrypy/process/win32.py -> build/lib.linux-armv7l-2.7/pattern/server/cherrypy/cherrypy/process
    creating build/lib.linux-armv7l-2.7/pattern/server/cherrypy/cherrypy/wsgiserver
    copying pattern/server/cherrypy/cherrypy/wsgiserver/ssl_pyopenssl.py -> build/lib.linux-armv7l-2.7/pattern/server/cherrypy/cherrypy/wsgiserver
    copying pattern/server/cherrypy/cherrypy/wsgiserver/wsgiserver2.py -> build/lib.linux-armv7l-2.7/pattern/server/cherrypy/cherrypy/wsgiserver
    copying pattern/server/cherrypy/cherrypy/wsgiserver/__init__.py -> build/lib.linux-armv7l-2.7/pattern/server/cherrypy/cherrypy/wsgiserver
    copying pattern/server/cherrypy/cherrypy/wsgiserver/ssl_builtin.py -> build/lib.linux-armv7l-2.7/pattern/server/cherrypy/cherrypy/wsgiserver
    copying pattern/server/cherrypy/cherrypy/cherryd -> build/lib.linux-armv7l-2.7/pattern/server/cherrypy/cherrypy
    running install_lib
    creating /usr/local/lib/python2.7/dist-packages/pattern
    error: could not create '/usr/local/lib/python2.7/dist-packages/pattern': Permission denied
    Complete output from command /usr/bin/python -c "import setuptools, tokenize;__file__='/tmp/pip-build-9iBdx1/Pattern/setup.py';exec(compile(getattr(tokenize, 'open', open)(__file__).read().replace('\r\n', '\n'), __file__, 'exec'))" install --record /tmp/pip-XuXeY9-record/install-record.txt --single-version-externally-managed --compile:
    running install

running build

running build_py

creating build

creating build/lib.linux-armv7l-2.7

creating build/lib.linux-armv7l-2.7/pattern

copying pattern/__init__.py -> build/lib.linux-armv7l-2.7/pattern

copying pattern/metrics.py -> build/lib.linux-armv7l-2.7/pattern

creating build/lib.linux-armv7l-2.7/pattern/text

copying pattern/text/__init__.py -> build/lib.linux-armv7l-2.7/pattern/text

copying pattern/text/search.py -> build/lib.linux-armv7l-2.7/pattern/text

copying pattern/text/tree.py -> build/lib.linux-armv7l-2.7/pattern/text

creating build/lib.linux-armv7l-2.7/pattern/web

copying pattern/web/__init__.py -> build/lib.linux-armv7l-2.7/pattern/web

copying pattern/web/api.py -> build/lib.linux-armv7l-2.7/pattern/web

creating build/lib.linux-armv7l-2.7/pattern/web/cache

copying pattern/web/cache/__init__.py -> build/lib.linux-armv7l-2.7/pattern/web/cache

creating build/lib.linux-armv7l-2.7/pattern/web/docx

copying pattern/web/docx/__init__.py -> build/lib.linux-armv7l-2.7/pattern/web/docx

copying pattern/web/docx/docx.py -> build/lib.linux-armv7l-2.7/pattern/web/docx

creating build/lib.linux-armv7l-2.7/pattern/web/feed

copying pattern/web/feed/__init__.py -> build/lib.linux-armv7l-2.7/pattern/web/feed

copying pattern/web/feed/feedparser.py -> build/lib.linux-armv7l-2.7/pattern/web/feed

copying pattern/web/feed/setup.py -> build/lib.linux-armv7l-2.7/pattern/web/feed

creating build/lib.linux-armv7l-2.7/pattern/web/imap

copying pattern/web/imap/__init__.py -> build/lib.linux-armv7l-2.7/pattern/web/imap

creating build/lib.linux-armv7l-2.7/pattern/web/json

copying pattern/web/json/__init__.py -> build/lib.linux-armv7l-2.7/pattern/web/json

copying pattern/web/json/scanner.py -> build/lib.linux-armv7l-2.7/pattern/web/json

copying pattern/web/json/ordered_dict.py -> build/lib.linux-armv7l-2.7/pattern/web/json

copying pattern/web/json/encoder.py -> build/lib.linux-armv7l-2.7/pattern/web/json

copying pattern/web/json/tool.py -> build/lib.linux-armv7l-2.7/pattern/web/json

copying pattern/web/json/decoder.py -> build/lib.linux-armv7l-2.7/pattern/web/json

creating build/lib.linux-armv7l-2.7/pattern/web/locale

copying pattern/web/locale/__init__.py -> build/lib.linux-armv7l-2.7/pattern/web/locale

creating build/lib.linux-armv7l-2.7/pattern/web/oauth

copying pattern/web/oauth/__init__.py -> build/lib.linux-armv7l-2.7/pattern/web/oauth

creating build/lib.linux-armv7l-2.7/pattern/web/pdf

copying pattern/web/pdf/glyphlist.py -> build/lib.linux-armv7l-2.7/pattern/web/pdf

copying pattern/web/pdf/layout.py -> build/lib.linux-armv7l-2.7/pattern/web/pdf

copying pattern/web/pdf/__init__.py -> build/lib.linux-armv7l-2.7/pattern/web/pdf

copying pattern/web/pdf/latin_enc.py -> build/lib.linux-armv7l-2.7/pattern/web/pdf

copying pattern/web/pdf/encodingdb.py -> build/lib.linux-armv7l-2.7/pattern/web/pdf

copying pattern/web/pdf/pdfcolor.py -> build/lib.linux-armv7l-2.7/pattern/web/pdf

copying pattern/web/pdf/ascii85.py -> build/lib.linux-armv7l-2.7/pattern/web/pdf

copying pattern/web/pdf/lzw.py -> build/lib.linux-armv7l-2.7/pattern/web/pdf

copying pattern/web/pdf/fontmetrics.py -> build/lib.linux-armv7l-2.7/pattern/web/pdf

copying pattern/web/pdf/psparser.py -> build/lib.linux-armv7l-2.7/pattern/web/pdf

copying pattern/web/pdf/pdfparser.py -> build/lib.linux-armv7l-2.7/pattern/web/pdf

copying pattern/web/pdf/utils.py -> build/lib.linux-armv7l-2.7/pattern/web/pdf

copying pattern/web/pdf/pdfinterp.py -> build/lib.linux-armv7l-2.7/pattern/web/pdf

copying pattern/web/pdf/cmapdb.py -> build/lib.linux-armv7l-2.7/pattern/web/pdf

copying pattern/web/pdf/pdftypes.py -> build/lib.linux-armv7l-2.7/pattern/web/pdf

copying pattern/web/pdf/pdfdevice.py -> build/lib.linux-armv7l-2.7/pattern/web/pdf

copying pattern/web/pdf/arcfour.py -> build/lib.linux-armv7l-2.7/pattern/web/pdf

copying pattern/web/pdf/pdffont.py -> build/lib.linux-armv7l-2.7/pattern/web/pdf

copying pattern/web/pdf/converter.py -> build/lib.linux-armv7l-2.7/pattern/web/pdf

copying pattern/web/pdf/runlength.py -> build/lib.linux-armv7l-2.7/pattern/web/pdf

creating build/lib.linux-armv7l-2.7/pattern/web/soup

copying pattern/web/soup/__init__.py -> build/lib.linux-armv7l-2.7/pattern/web/soup

copying pattern/web/soup/setup.py -> build/lib.linux-armv7l-2.7/pattern/web/soup

copying pattern/web/soup/BeautifulSoupTests.py -> build/lib.linux-armv7l-2.7/pattern/web/soup

copying pattern/web/soup/BeautifulSoup.py -> build/lib.linux-armv7l-2.7/pattern/web/soup

creating build/lib.linux-armv7l-2.7/pattern/db

copying pattern/db/__init__.py -> build/lib.linux-armv7l-2.7/pattern/db

creating build/lib.linux-armv7l-2.7/pattern/text/de

copying pattern/text/de/__init__.py -> build/lib.linux-armv7l-2.7/pattern/text/de

copying pattern/text/de/inflect.py -> build/lib.linux-armv7l-2.7/pattern/text/de

copying pattern/text/de/__main__.py -> build/lib.linux-armv7l-2.7/pattern/text/de

creating build/lib.linux-armv7l-2.7/pattern/text/en

copying pattern/text/en/modality.py -> build/lib.linux-armv7l-2.7/pattern/text/en

copying pattern/text/en/__init__.py -> build/lib.linux-armv7l-2.7/pattern/text/en

copying pattern/text/en/inflect_quantify.py -> build/lib.linux-armv7l-2.7/pattern/text/en

copying pattern/text/en/inflect.py -> build/lib.linux-armv7l-2.7/pattern/text/en

copying pattern/text/en/__main__.py -> build/lib.linux-armv7l-2.7/pattern/text/en

creating build/lib.linux-armv7l-2.7/pattern/text/en/wordlist

copying pattern/text/en/wordlist/__init__.py -> build/lib.linux-armv7l-2.7/pattern/text/en/wordlist

creating build/lib.linux-armv7l-2.7/pattern/text/en/wordnet

copying pattern/text/en/wordnet/__init__.py -> build/lib.linux-armv7l-2.7/pattern/text/en/wordnet

creating build/lib.linux-armv7l-2.7/pattern/text/en/wordnet/pywordnet

copying pattern/text/en/wordnet/pywordnet/__init__.py -> build/lib.linux-armv7l-2.7/pattern/text/en/wordnet/pywordnet

copying pattern/text/en/wordnet/pywordnet/wordnet.py -> build/lib.linux-armv7l-2.7/pattern/text/en/wordnet/pywordnet

copying pattern/text/en/wordnet/pywordnet/wntools.py -> build/lib.linux-armv7l-2.7/pattern/text/en/wordnet/pywordnet

copying pattern/text/en/wordnet/pywordnet/concordance.py -> build/lib.linux-armv7l-2.7/pattern/text/en/wordnet/pywordnet

copying pattern/text/en/wordnet/pywordnet/setup.py -> build/lib.linux-armv7l-2.7/pattern/text/en/wordnet/pywordnet

creating build/lib.linux-armv7l-2.7/pattern/text/es

copying pattern/text/es/__init__.py -> build/lib.linux-armv7l-2.7/pattern/text/es

copying pattern/text/es/inflect.py -> build/lib.linux-armv7l-2.7/pattern/text/es

copying pattern/text/es/__main__.py -> build/lib.linux-armv7l-2.7/pattern/text/es

creating build/lib.linux-armv7l-2.7/pattern/text/fr

copying pattern/text/fr/__init__.py -> build/lib.linux-armv7l-2.7/pattern/text/fr

copying pattern/text/fr/inflect.py -> build/lib.linux-armv7l-2.7/pattern/text/fr

copying pattern/text/fr/__main__.py -> build/lib.linux-armv7l-2.7/pattern/text/fr

creating build/lib.linux-armv7l-2.7/pattern/text/it

copying pattern/text/it/__init__.py -> build/lib.linux-armv7l-2.7/pattern/text/it

copying pattern/text/it/inflect.py -> build/lib.linux-armv7l-2.7/pattern/text/it

copying pattern/text/it/__main__.py -> build/lib.linux-armv7l-2.7/pattern/text/it

creating build/lib.linux-armv7l-2.7/pattern/text/nl

copying pattern/text/nl/__init__.py -> build/lib.linux-armv7l-2.7/pattern/text/nl

copying pattern/text/nl/inflect.py -> build/lib.linux-armv7l-2.7/pattern/text/nl

copying pattern/text/nl/__main__.py -> build/lib.linux-armv7l-2.7/pattern/text/nl

creating build/lib.linux-armv7l-2.7/pattern/vector

copying pattern/vector/__init__.py -> build/lib.linux-armv7l-2.7/pattern/vector

copying pattern/vector/stemmer.py -> build/lib.linux-armv7l-2.7/pattern/vector

creating build/lib.linux-armv7l-2.7/pattern/vector/svm

copying pattern/vector/svm/liblinear.py -> build/lib.linux-armv7l-2.7/pattern/vector/svm

copying pattern/vector/svm/__init__.py -> build/lib.linux-armv7l-2.7/pattern/vector/svm

copying pattern/vector/svm/libsvmutil.py -> build/lib.linux-armv7l-2.7/pattern/vector/svm

copying pattern/vector/svm/libsvm.py -> build/lib.linux-armv7l-2.7/pattern/vector/svm

copying pattern/vector/svm/liblinearutil.py -> build/lib.linux-armv7l-2.7/pattern/vector/svm

creating build/lib.linux-armv7l-2.7/pattern/graph

copying pattern/graph/__init__.py -> build/lib.linux-armv7l-2.7/pattern/graph

copying pattern/graph/commonsense.py -> build/lib.linux-armv7l-2.7/pattern/graph

creating build/lib.linux-armv7l-2.7/pattern/server

copying pattern/server/__init__.py -> build/lib.linux-armv7l-2.7/pattern/server

copying pattern/canvas.js -> build/lib.linux-armv7l-2.7/pattern

copying pattern/web/docx/README.rst -> build/lib.linux-armv7l-2.7/pattern/web/docx

copying pattern/web/docx/LICENSE -> build/lib.linux-armv7l-2.7/pattern/web/docx

copying pattern/web/feed/LICENSE -> build/lib.linux-armv7l-2.7/pattern/web/feed

copying pattern/web/feed/README -> build/lib.linux-armv7l-2.7/pattern/web/feed

copying pattern/web/json/_speedups.c -> build/lib.linux-armv7l-2.7/pattern/web/json

copying pattern/web/pdf/README.txt -> build/lib.linux-armv7l-2.7/pattern/web/pdf

creating build/lib.linux-armv7l-2.7/pattern/web/pdf/cmap

copying pattern/web/pdf/cmap/__init__.py -> build/lib.linux-armv7l-2.7/pattern/web/pdf/cmap

copying pattern/web/pdf/cmap/Makefile -> build/lib.linux-armv7l-2.7/pattern/web/pdf/cmap

copying pattern/web/soup/PKG-INFO -> build/lib.linux-armv7l-2.7/pattern/web/soup

copying pattern/text/de/de-verbs.txt -> build/lib.linux-armv7l-2.7/pattern/text/de

copying pattern/text/de/de-context.txt -> build/lib.linux-armv7l-2.7/pattern/text/de

copying pattern/text/de/de-morphology.txt -> build/lib.linux-armv7l-2.7/pattern/text/de

copying pattern/text/de/de-lexicon.txt -> build/lib.linux-armv7l-2.7/pattern/text/de

copying pattern/text/en/en-spelling.txt -> build/lib.linux-armv7l-2.7/pattern/text/en

copying pattern/text/en/en-lexicon.txt -> build/lib.linux-armv7l-2.7/pattern/text/en

copying pattern/text/en/en-verbs.txt -> build/lib.linux-armv7l-2.7/pattern/text/en

copying pattern/text/en/en-context.txt -> build/lib.linux-armv7l-2.7/pattern/text/en

copying pattern/text/en/en-morphology.txt -> build/lib.linux-armv7l-2.7/pattern/text/en

copying pattern/text/en/en-entities.txt -> build/lib.linux-armv7l-2.7/pattern/text/en

copying pattern/text/en/en-sentiment.xml -> build/lib.linux-armv7l-2.7/pattern/text/en

copying pattern/text/en/en-model.slp -> build/lib.linux-armv7l-2.7/pattern/text/en

copying pattern/text/en/wordlist/profanity.txt -> build/lib.linux-armv7l-2.7/pattern/text/en/wordlist

copying pattern/text/en/wordlist/academic.txt -> build/lib.linux-armv7l-2.7/pattern/text/en/wordlist

copying pattern/text/en/wordlist/stopwords.txt -> build/lib.linux-armv7l-2.7/pattern/text/en/wordlist

copying pattern/text/en/wordlist/basic.txt -> build/lib.linux-armv7l-2.7/pattern/text/en/wordlist

copying pattern/text/en/wordlist/time.txt -> build/lib.linux-armv7l-2.7/pattern/text/en/wordlist

copying pattern/text/en/wordnet/resnik-ic3.txt -> build/lib.linux-armv7l-2.7/pattern/text/en/wordnet

copying pattern/text/en/wordnet/resnik-ic2.txt -> build/lib.linux-armv7l-2.7/pattern/text/en/wordnet

creating build/lib.linux-armv7l-2.7/pattern/text/en/wordnet/dict

copying pattern/text/en/wordnet/dict/index.noun -> build/lib.linux-armv7l-2.7/pattern/text/en/wordnet/dict

copying pattern/text/en/wordnet/dict/index.adj -> build/lib.linux-armv7l-2.7/pattern/text/en/wordnet/dict

copying pattern/text/en/wordnet/dict/index.verb -> build/lib.linux-armv7l-2.7/pattern/text/en/wordnet/dict

copying pattern/text/en/wordnet/dict/index.sense -> build/lib.linux-armv7l-2.7/pattern/text/en/wordnet/dict

copying pattern/text/en/wordnet/dict/index.adv -> build/lib.linux-armv7l-2.7/pattern/text/en/wordnet/dict

copying pattern/text/en/wordnet/dict/LICENSE.txt -> build/lib.linux-armv7l-2.7/pattern/text/en/wordnet/dict

copying pattern/text/en/wordnet/dict/data.noun2 -> build/lib.linux-armv7l-2.7/pattern/text/en/wordnet/dict

copying pattern/text/en/wordnet/dict/data.verb -> build/lib.linux-armv7l-2.7/pattern/text/en/wordnet/dict

copying pattern/text/en/wordnet/dict/index.32 -> build/lib.linux-armv7l-2.7/pattern/text/en/wordnet/dict

copying pattern/text/en/wordnet/dict/data.adv -> build/lib.linux-armv7l-2.7/pattern/text/en/wordnet/dict

copying pattern/text/en/wordnet/dict/data.noun1 -> build/lib.linux-armv7l-2.7/pattern/text/en/wordnet/dict

copying pattern/text/en/wordnet/dict/lexnames -> build/lib.linux-armv7l-2.7/pattern/text/en/wordnet/dict

copying pattern/text/en/wordnet/dict/data.adj -> build/lib.linux-armv7l-2.7/pattern/text/en/wordnet/dict

copying pattern/text/en/wordnet/pywordnet/LICENSE.txt -> build/lib.linux-armv7l-2.7/pattern/text/en/wordnet/pywordnet

copying pattern/text/en/wordnet/pywordnet/README.txt -> build/lib.linux-armv7l-2.7/pattern/text/en/wordnet/pywordnet

copying pattern/text/en/wordnet/pywordnet/PKG-INFO -> build/lib.linux-armv7l-2.7/pattern/text/en/wordnet/pywordnet

copying pattern/text/es/es-verbs.txt -> build/lib.linux-armv7l-2.7/pattern/text/es

copying pattern/text/es/es-lexicon.txt -> build/lib.linux-armv7l-2.7/pattern/text/es

copying pattern/text/es/es-context.txt -> build/lib.linux-armv7l-2.7/pattern/text/es

copying pattern/text/es/es-morphology.txt -> build/lib.linux-armv7l-2.7/pattern/text/es

copying pattern/text/fr/fr-context.txt -> build/lib.linux-armv7l-2.7/pattern/text/fr

copying pattern/text/fr/fr-morphology.txt -> build/lib.linux-armv7l-2.7/pattern/text/fr

copying pattern/text/fr/fr-lexicon.txt -> build/lib.linux-armv7l-2.7/pattern/text/fr

copying pattern/text/fr/fr-verbs.txt -> build/lib.linux-armv7l-2.7/pattern/text/fr

copying pattern/text/fr/fr-sentiment.xml -> build/lib.linux-armv7l-2.7/pattern/text/fr

copying pattern/text/it/it-morphology.txt -> build/lib.linux-armv7l-2.7/pattern/text/it

copying pattern/text/it/it-verbs.txt -> build/lib.linux-armv7l-2.7/pattern/text/it

copying pattern/text/it/it-lexicon.txt -> build/lib.linux-armv7l-2.7/pattern/text/it

copying pattern/text/it/it-context.txt -> build/lib.linux-armv7l-2.7/pattern/text/it

copying pattern/text/nl/nl-verbs.txt -> build/lib.linux-armv7l-2.7/pattern/text/nl

copying pattern/text/nl/nl-context.txt -> build/lib.linux-armv7l-2.7/pattern/text/nl

copying pattern/text/nl/nl-morphology.txt -> build/lib.linux-armv7l-2.7/pattern/text/nl

copying pattern/text/nl/nl-lexicon.txt -> build/lib.linux-armv7l-2.7/pattern/text/nl

copying pattern/text/nl/nl-sentiment.xml -> build/lib.linux-armv7l-2.7/pattern/text/nl

copying pattern/vector/stopwords-de.txt -> build/lib.linux-armv7l-2.7/pattern/vector

copying pattern/vector/stopwords-en.txt -> build/lib.linux-armv7l-2.7/pattern/vector

copying pattern/vector/stopwords-es.txt -> build/lib.linux-armv7l-2.7/pattern/vector

copying pattern/vector/stopwords-nl.txt -> build/lib.linux-armv7l-2.7/pattern/vector

copying pattern/vector/stopwords-fr.txt -> build/lib.linux-armv7l-2.7/pattern/vector

copying pattern/vector/svm/INSTALL.txt -> build/lib.linux-armv7l-2.7/pattern/vector/svm

copying pattern/vector/svm/README.txt -> build/lib.linux-armv7l-2.7/pattern/vector/svm

creating build/lib.linux-armv7l-2.7/pattern/vector/svm/libsvm-3.11

copying pattern/vector/svm/libsvm-3.11/libsvm-win32.dll -> build/lib.linux-armv7l-2.7/pattern/vector/svm/libsvm-3.11

copying pattern/vector/svm/libsvm-3.11/libsvm-ubuntu64.so -> build/lib.linux-armv7l-2.7/pattern/vector/svm/libsvm-3.11

copying pattern/vector/svm/libsvm-3.11/libsvm-mac32.so -> build/lib.linux-armv7l-2.7/pattern/vector/svm/libsvm-3.11

copying pattern/vector/svm/libsvm-3.11/libsvm-mac64.so -> build/lib.linux-armv7l-2.7/pattern/vector/svm/libsvm-3.11

copying pattern/vector/svm/libsvm-3.11/COPYRIGHT -> build/lib.linux-armv7l-2.7/pattern/vector/svm/libsvm-3.11

creating build/lib.linux-armv7l-2.7/pattern/vector/svm/libsvm-3.17

copying pattern/vector/svm/libsvm-3.17/libsvm-win32.dll -> build/lib.linux-armv7l-2.7/pattern/vector/svm/libsvm-3.17

copying pattern/vector/svm/libsvm-3.17/libsvm-ubuntu64.so -> build/lib.linux-armv7l-2.7/pattern/vector/svm/libsvm-3.17

copying pattern/vector/svm/libsvm-3.17/libsvm-mac32.so -> build/lib.linux-armv7l-2.7/pattern/vector/svm/libsvm-3.17

copying pattern/vector/svm/libsvm-3.17/libsvm-mac64.so -> build/lib.linux-armv7l-2.7/pattern/vector/svm/libsvm-3.17

copying pattern/vector/svm/libsvm-3.17/COPYRIGHT -> build/lib.linux-armv7l-2.7/pattern/vector/svm/libsvm-3.17

copying pattern/vector/svm/libsvm-3.17/libsvm-win64.dll -> build/lib.linux-armv7l-2.7/pattern/vector/svm/libsvm-3.17

creating build/lib.linux-armv7l-2.7/pattern/vector/svm/liblinear-1.93

copying pattern/vector/svm/liblinear-1.93/liblinear-mac32.so -> build/lib.linux-armv7l-2.7/pattern/vector/svm/liblinear-1.93

copying pattern/vector/svm/liblinear-1.93/liblinear-win32.dll -> build/lib.linux-armv7l-2.7/pattern/vector/svm/liblinear-1.93

copying pattern/vector/svm/liblinear-1.93/liblinear-ubuntu64.so -> build/lib.linux-armv7l-2.7/pattern/vector/svm/liblinear-1.93

copying pattern/vector/svm/liblinear-1.93/liblinear-win64.dll -> build/lib.linux-armv7l-2.7/pattern/vector/svm/liblinear-1.93

copying pattern/vector/svm/liblinear-1.93/COPYRIGHT -> build/lib.linux-armv7l-2.7/pattern/vector/svm/liblinear-1.93

copying pattern/vector/svm/liblinear-1.93/liblinear-mac64.so -> build/lib.linux-armv7l-2.7/pattern/vector/svm/liblinear-1.93

copying pattern/graph/graph.js -> build/lib.linux-armv7l-2.7/pattern/graph

copying pattern/graph/commonsense.csv -> build/lib.linux-armv7l-2.7/pattern/graph

creating build/lib.linux-armv7l-2.7/pattern/server/static

copying pattern/server/static/robots.txt -> build/lib.linux-armv7l-2.7/pattern/server/static

creating build/lib.linux-armv7l-2.7/pattern/server/cherrypy

creating build/lib.linux-armv7l-2.7/pattern/server/cherrypy/cherrypy

copying pattern/server/cherrypy/cherrypy/favicon.ico -> build/lib.linux-armv7l-2.7/pattern/server/cherrypy/cherrypy

copying pattern/server/cherrypy/cherrypy/_cpserver.py -> build/lib.linux-armv7l-2.7/pattern/server/cherrypy/cherrypy

copying pattern/server/cherrypy/cherrypy/__init__.py -> build/lib.linux-armv7l-2.7/pattern/server/cherrypy/cherrypy

copying pattern/server/cherrypy/cherrypy/_cpconfig.py -> build/lib.linux-armv7l-2.7/pattern/server/cherrypy/cherrypy

copying pattern/server/cherrypy/cherrypy/_cplogging.py -> build/lib.linux-armv7l-2.7/pattern/server/cherrypy/cherrypy

copying pattern/server/cherrypy/cherrypy/_cpchecker.py -> build/lib.linux-armv7l-2.7/pattern/server/cherrypy/cherrypy

copying pattern/server/cherrypy/cherrypy/_cpreqbody.py -> build/lib.linux-armv7l-2.7/pattern/server/cherrypy/cherrypy

copying pattern/server/cherrypy/cherrypy/_cptree.py -> build/lib.linux-armv7l-2.7/pattern/server/cherrypy/cherrypy

copying pattern/server/cherrypy/cherrypy/_cpmodpy.py -> build/lib.linux-armv7l-2.7/pattern/server/cherrypy/cherrypy

copying pattern/server/cherrypy/cherrypy/_cpwsgi.py -> build/lib.linux-armv7l-2.7/pattern/server/cherrypy/cherrypy

copying pattern/server/cherrypy/cherrypy/_cpnative_server.py -> build/lib.linux-armv7l-2.7/pattern/server/cherrypy/cherrypy

copying pattern/server/cherrypy/cherrypy/LICENSE.txt -> build/lib.linux-armv7l-2.7/pattern/server/cherrypy/cherrypy

copying pattern/server/cherrypy/cherrypy/_cperror.py -> build/lib.linux-armv7l-2.7/pattern/server/cherrypy/cherrypy

copying pattern/server/cherrypy/cherrypy/_cpcompat_subprocess.py -> build/lib.linux-armv7l-2.7/pattern/server/cherrypy/cherrypy

copying pattern/server/cherrypy/cherrypy/_cpwsgi_server.py -> build/lib.linux-armv7l-2.7/pattern/server/cherrypy/cherrypy

copying pattern/server/cherrypy/cherrypy/_cpcompat.py -> build/lib.linux-armv7l-2.7/pattern/server/cherrypy/cherrypy

copying pattern/server/cherrypy/cherrypy/_cprequest.py -> build/lib.linux-armv7l-2.7/pattern/server/cherrypy/cherrypy

copying pattern/server/cherrypy/cherrypy/_cpdispatch.py -> build/lib.linux-armv7l-2.7/pattern/server/cherrypy/cherrypy

copying pattern/server/cherrypy/cherrypy/_cpthreadinglocal.py -> build/lib.linux-armv7l-2.7/pattern/server/cherrypy/cherrypy

copying pattern/server/cherrypy/cherrypy/_cptools.py -> build/lib.linux-armv7l-2.7/pattern/server/cherrypy/cherrypy

creating build/lib.linux-armv7l-2.7/pattern/server/cherrypy/cherrypy/lib

copying pattern/server/cherrypy/cherrypy/lib/jsontools.py -> build/lib.linux-armv7l-2.7/pattern/server/cherrypy/cherrypy/lib

copying pattern/server/cherrypy/cherrypy/lib/covercp.py -> build/lib.linux-armv7l-2.7/pattern/server/cherrypy/cherrypy/lib

copying pattern/server/cherrypy/cherrypy/lib/caching.py -> build/lib.linux-armv7l-2.7/pattern/server/cherrypy/cherrypy/lib

copying pattern/server/cherrypy/cherrypy/lib/xmlrpcutil.py -> build/lib.linux-armv7l-2.7/pattern/server/cherrypy/cherrypy/lib

copying pattern/server/cherrypy/cherrypy/lib/http.py -> build/lib.linux-armv7l-2.7/pattern/server/cherrypy/cherrypy/lib

copying pattern/server/cherrypy/cherrypy/lib/__init__.py -> build/lib.linux-armv7l-2.7/pattern/server/cherrypy/cherrypy/lib

copying pattern/server/cherrypy/cherrypy/lib/reprconf.py -> build/lib.linux-armv7l-2.7/pattern/server/cherrypy/cherrypy/lib

copying pattern/server/cherrypy/cherrypy/lib/httpauth.py -> build/lib.linux-armv7l-2.7/pattern/server/cherrypy/cherrypy/lib

copying pattern/server/cherrypy/cherrypy/lib/encoding.py -> build/lib.linux-armv7l-2.7/pattern/server/cherrypy/cherrypy/lib

copying pattern/server/cherrypy/cherrypy/lib/static.py -> build/lib.linux-armv7l-2.7/pattern/server/cherrypy/cherrypy/lib

copying pattern/server/cherrypy/cherrypy/lib/gctools.py -> build/lib.linux-armv7l-2.7/pattern/server/cherrypy/cherrypy/lib

copying pattern/server/cherrypy/cherrypy/lib/cptools.py -> build/lib.linux-armv7l-2.7/pattern/server/cherrypy/cherrypy/lib

copying pattern/server/cherrypy/cherrypy/lib/sessions.py -> build/lib.linux-armv7l-2.7/pattern/server/cherrypy/cherrypy/lib

copying pattern/server/cherrypy/cherrypy/lib/auth.py -> build/lib.linux-armv7l-2.7/pattern/server/cherrypy/cherrypy/lib

copying pattern/server/cherrypy/cherrypy/lib/auth_basic.py -> build/lib.linux-armv7l-2.7/pattern/server/cherrypy/cherrypy/lib

copying pattern/server/cherrypy/cherrypy/lib/httputil.py -> build/lib.linux-armv7l-2.7/pattern/server/cherrypy/cherrypy/lib

copying pattern/server/cherrypy/cherrypy/lib/auth_digest.py -> build/lib.linux-armv7l-2.7/pattern/server/cherrypy/cherrypy/lib

copying pattern/server/cherrypy/cherrypy/lib/profiler.py -> build/lib.linux-armv7l-2.7/pattern/server/cherrypy/cherrypy/lib

copying pattern/server/cherrypy/cherrypy/lib/cpstats.py -> build/lib.linux-armv7l-2.7/pattern/server/cherrypy/cherrypy/lib

creating build/lib.linux-armv7l-2.7/pattern/server/cherrypy/cherrypy/process

copying pattern/server/cherrypy/cherrypy/process/wspbus.py -> build/lib.linux-armv7l-2.7/pattern/server/cherrypy/cherrypy/process

copying pattern/server/cherrypy/cherrypy/process/plugins.py -> build/lib.linux-armv7l-2.7/pattern/server/cherrypy/cherrypy/process

copying pattern/server/cherrypy/cherrypy/process/__init__.py -> build/lib.linux-armv7l-2.7/pattern/server/cherrypy/cherrypy/process

copying pattern/server/cherrypy/cherrypy/process/servers.py -> build/lib.linux-armv7l-2.7/pattern/server/cherrypy/cherrypy/process

copying pattern/server/cherrypy/cherrypy/process/win32.py -> build/lib.linux-armv7l-2.7/pattern/server/cherrypy/cherrypy/process

creating build/lib.linux-armv7l-2.7/pattern/server/cherrypy/cherrypy/wsgiserver

copying pattern/server/cherrypy/cherrypy/wsgiserver/ssl_pyopenssl.py -> build/lib.linux-armv7l-2.7/pattern/server/cherrypy/cherrypy/wsgiserver

copying pattern/server/cherrypy/cherrypy/wsgiserver/wsgiserver2.py -> build/lib.linux-armv7l-2.7/pattern/server/cherrypy/cherrypy/wsgiserver

copying pattern/server/cherrypy/cherrypy/wsgiserver/__init__.py -> build/lib.linux-armv7l-2.7/pattern/server/cherrypy/cherrypy/wsgiserver

copying pattern/server/cherrypy/cherrypy/wsgiserver/ssl_builtin.py -> build/lib.linux-armv7l-2.7/pattern/server/cherrypy/cherrypy/wsgiserver

copying pattern/server/cherrypy/cherrypy/cherryd -> build/lib.linux-armv7l-2.7/pattern/server/cherrypy/cherrypy

running install_lib

creating /usr/local/lib/python2.7/dist-packages/pattern

error: could not create '/usr/local/lib/python2.7/dist-packages/pattern': Permission denied

----------------------------------------
Cleaning up...
Command /usr/bin/python -c "import setuptools, tokenize;__file__='/tmp/pip-build-9iBdx1/Pattern/setup.py';exec(compile(getattr(tokenize, 'open', open)(__file__).read().replace('\r\n', '\n'), __file__, 'exec'))" install --record /tmp/pip-XuXeY9-record/install-record.txt --single-version-externally-managed --compile failed with error code 1 in /tmp/pip-build-9iBdx1/Pattern
Exception information:
Traceback (most recent call last):
  File "/usr/lib/python2.7/dist-packages/pip/basecommand.py", line 122, in main
    status = self.run(options, args)
  File "/usr/lib/python2.7/dist-packages/pip/commands/install.py", line 295, in run
    requirement_set.install(install_options, global_options, root=options.root_path)
  File "/usr/lib/python2.7/dist-packages/pip/req.py", line 1436, in install
    requirement.install(install_options, global_options, *args, **kwargs)
  File "/usr/lib/python2.7/dist-packages/pip/req.py", line 707, in install
    cwd=self.source_dir, filter_stdout=self._filter_install, show_stdout=False)
  File "/usr/lib/python2.7/dist-packages/pip/util.py", line 716, in call_subprocess
    % (command_desc, proc.returncode, cwd))
InstallationError: Command /usr/bin/python -c "import setuptools, tokenize;__file__='/tmp/pip-build-9iBdx1/Pattern/setup.py';exec(compile(getattr(tokenize, 'open', open)(__file__).read().replace('\r\n', '\n'), __file__, 'exec'))" install --record /tmp/pip-XuXeY9-record/install-record.txt --single-version-externally-managed --compile failed with error code 1 in /tmp/pip-build-9iBdx1/Pattern
